<?xml version="1.0" encoding="UTF-8"?>
<!-- Generated by org.testng.reporters.JUnitXMLReporter -->
<testsuite hostname="LAPTOP-20464U94" ignored="0" name="Test" tests="1" failures="1" timestamp="28 Nov 2020 18:23:07 GMT" time="9.057" errors="0">
  <testcase name="verifylogin" time="1.032" classname="testcases.TC001verifyLogin">
    <failure type="java.lang.AssertionError" message="expected [Zero - Account Summary] but found [Zero - Log in]">
      <![CDATA[java.lang.AssertionError: expected [Zero - Account Summary] but found [Zero - Log in]
at testcases.TC001verifyLogin.verifylogin(TC001verifyLogin.java:43)
... Removed 31 stack frames]]>
    </failure>
  </testcase> <!-- verifylogin -->
</testsuite> <!-- Test -->
